# JRE version: Java(TM) SE Runtime Environment (8.0_291-b10) (build 1.8.0_291-b10)
# Java VM: Java HotSpot(TM) 64-Bit Server VM (25.291-b10 mixed mode linux-amd64 compressed oops)
Heap:
 PSYoungGen      total 150016K, used 13634K [0x0000000718c00000, 0x000000072b100000, 0x00000007c0000000)
  eden space 129024K, 10% used [0x0000000718c00000,0x00000007199508c8,0x0000000720a00000)
  from space 20992K, 0% used [0x0000000720a00000,0x0000000720a00000,0x0000000721e80000)
  to   space 20992K, 0% used [0x0000000729c80000,0x0000000729c80000,0x000000072b100000)
 ParOldGen       total 218112K, used 16857K [0x00000005ca400000, 0x00000005d7900000, 0x0000000718c00000)
  object space 218112K, 7% used [0x00000005ca400000,0x00000005cb476558,0x00000005d7900000)
 Metaspace       used 20593K, capacity 21312K, committed 21504K, reserved 1069056K
  class space    used 2561K, capacity 2766K, committed 2816K, reserved 1048576K
GC Heap History (4 events):
Event: 1.435 GC heap before
{Heap before GC invocations=1 (full 0):
 PSYoungGen      total 150016K, used 107540K [0x0000000718c00000, 0x0000000723300000, 0x00000007c0000000)
  eden space 129024K, 83% used [0x0000000718c00000,0x000000071f505030,0x0000000720a00000)
  from space 20992K, 0% used [0x0000000721e80000,0x0000000721e80000,0x0000000723300000)
  to   space 20992K, 0% used [0x0000000720a00000,0x0000000720a00000,0x0000000721e80000)
 ParOldGen       total 343040K, used 0K [0x00000005ca400000, 0x00000005df300000, 0x0000000718c00000)
  object space 343040K, 0% used [0x00000005ca400000,0x00000005ca400000,0x00000005df300000)
 Metaspace       used 20472K, capacity 21168K, committed 21248K, reserved 1067008K
  class space    used 2561K, capacity 2766K, committed 2816K, reserved 1048576K
Event: 1.475 GC heap after
Heap after GC invocations=1 (full 0):
 PSYoungGen      total 150016K, used 17227K [0x0000000718c00000, 0x000000072b100000, 0x00000007c0000000)
  eden space 129024K, 0% used [0x0000000718c00000,0x0000000718c00000,0x0000000720a00000)
  from space 20992K, 82% used [0x0000000720a00000,0x0000000721ad2d48,0x0000000721e80000)
  to   space 20992K, 0% used [0x0000000729c80000,0x0000000729c80000,0x000000072b100000)
 ParOldGen       total 343040K, used 0K [0x00000005ca400000, 0x00000005df300000, 0x0000000718c00000)
  object space 343040K, 0% used [0x00000005ca400000,0x00000005ca400000,0x00000005df300000)
 Metaspace       used 20472K, capacity 21168K, committed 21248K, reserved 1067008K
  class space    used 2561K, capacity 2766K, committed 2816K, reserved 1048576K
}
Event: 1.475 GC heap before
{Heap before GC invocations=2 (full 1):
 PSYoungGen      total 150016K, used 17227K [0x0000000718c00000, 0x000000072b100000, 0x00000007c0000000)
  eden space 129024K, 0% used [0x0000000718c00000,0x0000000718c00000,0x0000000720a00000)
  from space 20992K, 82% used [0x0000000720a00000,0x0000000721ad2d48,0x0000000721e80000)
  to   space 20992K, 0% used [0x0000000729c80000,0x0000000729c80000,0x000000072b100000)
 ParOldGen       total 343040K, used 0K [0x00000005ca400000, 0x00000005df300000, 0x0000000718c00000)
  object space 343040K, 0% used [0x00000005ca400000,0x00000005ca400000,0x00000005df300000)
 Metaspace       used 20472K, capacity 21168K, committed 21248K, reserved 1067008K
  class space    used 2561K, capacity 2766K, committed 2816K, reserved 1048576K
Event: 1.527 GC heap after
Heap after GC invocations=2 (full 1):
 PSYoungGen      total 150016K, used 0K [0x0000000718c00000, 0x000000072b100000, 0x00000007c0000000)
  eden space 129024K, 0% used [0x0000000718c00000,0x0000000718c00000,0x0000000720a00000)
  from space 20992K, 0% used [0x0000000720a00000,0x0000000720a00000,0x0000000721e80000)
  to   space 20992K, 0% used [0x0000000729c80000,0x0000000729c80000,0x000000072b100000)
 ParOldGen       total 218112K, used 16857K [0x00000005ca400000, 0x00000005d7900000, 0x0000000718c00000)
  object space 218112K, 7% used [0x00000005ca400000,0x00000005cb476558,0x00000005d7900000)
 Metaspace       used 20472K, capacity 21168K, committed 21248K, reserved 1067008K
  class space    used 2561K, capacity 2766K, committed 2816K, reserved 1048576K
}

