# JRE version: Java(TM) SE Runtime Environment (8.0_291-b10) (build 1.8.0_291-b10)
# Java VM: Java HotSpot(TM) 64-Bit Server VM (25.291-b10 mixed mode linux-amd64 compressed oops)
Heap:
 PSYoungGen      total 184832K, used 99267K [0x0000000718c00000, 0x0000000729d00000, 0x00000007c0000000)
  eden space 182272K, 53% used [0x0000000718c00000,0x000000071eaa0e58,0x0000000723e00000)
  from space 2560K, 92% used [0x0000000727600000,0x0000000727850000,0x0000000727880000)
  to   space 20992K, 0% used [0x0000000728880000,0x0000000728880000,0x0000000729d00000)
 ParOldGen       total 235520K, used 17398K [0x00000005ca400000, 0x00000005d8a00000, 0x0000000718c00000)
  object space 235520K, 7% used [0x00000005ca400000,0x00000005cb4fd920,0x00000005d8a00000)
 Metaspace       used 22951K, capacity 23800K, committed 23936K, reserved 1071104K
  class space    used 2610K, capacity 2828K, committed 2944K, reserved 1048576K
GC Heap History (8 events):
Event: 1.400 GC heap before
{Heap before GC invocations=1 (full 0):
 PSYoungGen      total 150016K, used 104875K [0x0000000718c00000, 0x0000000723300000, 0x00000007c0000000)
  eden space 129024K, 81% used [0x0000000718c00000,0x000000071f26ae28,0x0000000720a00000)
  from space 20992K, 0% used [0x0000000721e80000,0x0000000721e80000,0x0000000723300000)
  to   space 20992K, 0% used [0x0000000720a00000,0x0000000720a00000,0x0000000721e80000)
 ParOldGen       total 343040K, used 0K [0x00000005ca400000, 0x00000005df300000, 0x0000000718c00000)
  object space 343040K, 0% used [0x00000005ca400000,0x00000005ca400000,0x00000005df300000)
 Metaspace       used 20427K, capacity 21110K, committed 21248K, reserved 1067008K
  class space    used 2547K, capacity 2753K, committed 2816K, reserved 1048576K
Event: 1.420 GC heap after
Heap after GC invocations=1 (full 0):
 PSYoungGen      total 150016K, used 17859K [0x0000000718c00000, 0x000000072b100000, 0x00000007c0000000)
  eden space 129024K, 0% used [0x0000000718c00000,0x0000000718c00000,0x0000000720a00000)
  from space 20992K, 85% used [0x0000000720a00000,0x0000000721b70c18,0x0000000721e80000)
  to   space 20992K, 0% used [0x0000000729c80000,0x0000000729c80000,0x000000072b100000)
 ParOldGen       total 343040K, used 16K [0x00000005ca400000, 0x00000005df300000, 0x0000000718c00000)
  object space 343040K, 0% used [0x00000005ca400000,0x00000005ca404000,0x00000005df300000)
 Metaspace       used 20427K, capacity 21110K, committed 21248K, reserved 1067008K
  class space    used 2547K, capacity 2753K, committed 2816K, reserved 1048576K
}
Event: 1.420 GC heap before
{Heap before GC invocations=2 (full 1):
 PSYoungGen      total 150016K, used 17859K [0x0000000718c00000, 0x000000072b100000, 0x00000007c0000000)
  eden space 129024K, 0% used [0x0000000718c00000,0x0000000718c00000,0x0000000720a00000)
  from space 20992K, 85% used [0x0000000720a00000,0x0000000721b70c18,0x0000000721e80000)
  to   space 20992K, 0% used [0x0000000729c80000,0x0000000729c80000,0x000000072b100000)
 ParOldGen       total 343040K, used 16K [0x00000005ca400000, 0x00000005df300000, 0x0000000718c00000)
  object space 343040K, 0% used [0x00000005ca400000,0x00000005ca404000,0x00000005df300000)
 Metaspace       used 20427K, capacity 21110K, committed 21248K, reserved 1067008K
  class space    used 2547K, capacity 2753K, committed 2816K, reserved 1048576K
Event: 1.466 GC heap after
Heap after GC invocations=2 (full 1):
 PSYoungGen      total 150016K, used 0K [0x0000000718c00000, 0x000000072b100000, 0x00000007c0000000)
  eden space 129024K, 0% used [0x0000000718c00000,0x0000000718c00000,0x0000000720a00000)
  from space 20992K, 0% used [0x0000000720a00000,0x0000000720a00000,0x0000000721e80000)
  to   space 20992K, 0% used [0x0000000729c80000,0x0000000729c80000,0x000000072b100000)
 ParOldGen       total 235520K, used 17382K [0x00000005ca400000, 0x00000005d8a00000, 0x0000000718c00000)
  object space 235520K, 7% used [0x00000005ca400000,0x00000005cb4f9920,0x00000005d8a00000)
 Metaspace       used 20427K, capacity 21110K, committed 21248K, reserved 1067008K
  class space    used 2547K, capacity 2753K, committed 2816K, reserved 1048576K
}
Event: 2.742 GC heap before
{Heap before GC invocations=3 (full 1):
 PSYoungGen      total 150016K, used 129024K [0x0000000718c00000, 0x000000072b100000, 0x00000007c0000000)
  eden space 129024K, 100% used [0x0000000718c00000,0x0000000720a00000,0x0000000720a00000)
  from space 20992K, 0% used [0x0000000720a00000,0x0000000720a00000,0x0000000721e80000)
  to   space 20992K, 0% used [0x0000000729c80000,0x0000000729c80000,0x000000072b100000)
 ParOldGen       total 235520K, used 17382K [0x00000005ca400000, 0x00000005d8a00000, 0x0000000718c00000)
  object space 235520K, 7% used [0x00000005ca400000,0x00000005cb4f9920,0x00000005d8a00000)
 Metaspace       used 22081K, capacity 23064K, committed 23424K, reserved 1069056K
  class space    used 2608K, capacity 2826K, committed 2944K, reserved 1048576K
Event: 2.745 GC heap after
Heap after GC invocations=3 (full 1):
 PSYoungGen      total 158208K, used 2224K [0x0000000718c00000, 0x0000000729f00000, 0x00000007c0000000)
  eden space 155648K, 0% used [0x0000000718c00000,0x0000000718c00000,0x0000000722400000)
  from space 2560K, 86% used [0x0000000729c80000,0x0000000729eac020,0x0000000729f00000)
  to   space 20992K, 0% used [0x0000000727600000,0x0000000727600000,0x0000000728a80000)
 ParOldGen       total 235520K, used 17390K [0x00000005ca400000, 0x00000005d8a00000, 0x0000000718c00000)
  object space 235520K, 7% used [0x00000005ca400000,0x00000005cb4fb920,0x00000005d8a00000)
 Metaspace       used 22081K, capacity 23064K, committed 23424K, reserved 1069056K
  class space    used 2608K, capacity 2826K, committed 2944K, reserved 1048576K
}
Event: 4.002 GC heap before
{Heap before GC invocations=4 (full 1):
 PSYoungGen      total 158208K, used 157872K [0x0000000718c00000, 0x0000000729f00000, 0x00000007c0000000)
  eden space 155648K, 100% used [0x0000000718c00000,0x0000000722400000,0x0000000722400000)
  from space 2560K, 86% used [0x0000000729c80000,0x0000000729eac020,0x0000000729f00000)
  to   space 20992K, 0% used [0x0000000727600000,0x0000000727600000,0x0000000728a80000)
 ParOldGen       total 235520K, used 17390K [0x00000005ca400000, 0x00000005d8a00000, 0x0000000718c00000)
  object space 235520K, 7% used [0x00000005ca400000,0x00000005cb4fb920,0x00000005d8a00000)
 Metaspace       used 22796K, capacity 23714K, committed 23936K, reserved 1071104K
  class space    used 2609K, capacity 2827K, committed 2944K, reserved 1048576K
Event: 4.005 GC heap after
Heap after GC invocations=4 (full 1):
 PSYoungGen      total 184832K, used 2368K [0x0000000718c00000, 0x0000000729d00000, 0x00000007c0000000)
  eden space 182272K, 0% used [0x0000000718c00000,0x0000000718c00000,0x0000000723e00000)
  from space 2560K, 92% used [0x0000000727600000,0x0000000727850000,0x0000000727880000)
  to   space 20992K, 0% used [0x0000000728880000,0x0000000728880000,0x0000000729d00000)
 ParOldGen       total 235520K, used 17398K [0x00000005ca400000, 0x00000005d8a00000, 0x0000000718c00000)
  object space 235520K, 7% used [0x00000005ca400000,0x00000005cb4fd920,0x00000005d8a00000)
 Metaspace       used 22796K, capacity 23714K, committed 23936K, reserved 1071104K
  class space    used 2609K, capacity 2827K, committed 2944K, reserved 1048576K
}

