# JRE version: Java(TM) SE Runtime Environment (8.0_291-b10) (build 1.8.0_291-b10)
# Java VM: Java HotSpot(TM) 64-Bit Server VM (25.291-b10 mixed mode linux-amd64 compressed oops)
Heap:
 PSYoungGen      total 240640K, used 12464K [0x0000000718c00000, 0x0000000729e00000, 0x00000007c0000000)
  eden space 219648K, 3% used [0x0000000718c00000,0x0000000719464150,0x0000000726280000)
  from space 20992K, 18% used [0x0000000726280000,0x0000000726648010,0x0000000727700000)
  to   space 17408K, 0% used [0x0000000728d00000,0x0000000728d00000,0x0000000729e00000)
 ParOldGen       total 235520K, used 18195K [0x00000005ca400000, 0x00000005d8a00000, 0x0000000718c00000)
  object space 235520K, 7% used [0x00000005ca400000,0x00000005cb5c4c70,0x00000005d8a00000)
 Metaspace       used 23404K, capacity 24290K, committed 24448K, reserved 1071104K
  class space    used 2634K, capacity 2847K, committed 2944K, reserved 1048576K
GC Heap History (10 events):
Event: 1.493 GC heap before
{Heap before GC invocations=2 (full 1):
 PSYoungGen      total 150016K, used 18587K [0x0000000718c00000, 0x000000072b100000, 0x00000007c0000000)
  eden space 129024K, 0% used [0x0000000718c00000,0x0000000718c00000,0x0000000720a00000)
  from space 20992K, 88% used [0x0000000720a00000,0x0000000721c26d88,0x0000000721e80000)
  to   space 20992K, 0% used [0x0000000729c80000,0x0000000729c80000,0x000000072b100000)
 ParOldGen       total 343040K, used 24K [0x00000005ca400000, 0x00000005df300000, 0x0000000718c00000)
  object space 343040K, 0% used [0x00000005ca400000,0x00000005ca406000,0x00000005df300000)
 Metaspace       used 20526K, capacity 21196K, committed 21296K, reserved 1069056K
  class space    used 2552K, capacity 2756K, committed 2816K, reserved 1048576K
Event: 1.542 GC heap after
Heap after GC invocations=2 (full 1):
 PSYoungGen      total 150016K, used 0K [0x0000000718c00000, 0x000000072b100000, 0x00000007c0000000)
  eden space 129024K, 0% used [0x0000000718c00000,0x0000000718c00000,0x0000000720a00000)
  from space 20992K, 0% used [0x0000000720a00000,0x0000000720a00000,0x0000000721e80000)
  to   space 20992K, 0% used [0x0000000729c80000,0x0000000729c80000,0x000000072b100000)
 ParOldGen       total 235520K, used 18163K [0x00000005ca400000, 0x00000005d8a00000, 0x0000000718c00000)
  object space 235520K, 7% used [0x00000005ca400000,0x00000005cb5bcc70,0x00000005d8a00000)
 Metaspace       used 20526K, capacity 21196K, committed 21296K, reserved 1069056K
  class space    used 2552K, capacity 2756K, committed 2816K, reserved 1048576K
}
Event: 2.519 GC heap before
{Heap before GC invocations=3 (full 1):
 PSYoungGen      total 150016K, used 129024K [0x0000000718c00000, 0x000000072b100000, 0x00000007c0000000)
  eden space 129024K, 100% used [0x0000000718c00000,0x0000000720a00000,0x0000000720a00000)
  from space 20992K, 0% used [0x0000000720a00000,0x0000000720a00000,0x0000000721e80000)
  to   space 20992K, 0% used [0x0000000729c80000,0x0000000729c80000,0x000000072b100000)
 ParOldGen       total 235520K, used 18163K [0x00000005ca400000, 0x00000005d8a00000, 0x0000000718c00000)
  object space 235520K, 7% used [0x00000005ca400000,0x00000005cb5bcc70,0x00000005d8a00000)
 Metaspace       used 22009K, capacity 22950K, committed 23216K, reserved 1069056K
  class space    used 2622K, capacity 2835K, committed 2944K, reserved 1048576K
Event: 2.523 GC heap after
Heap after GC invocations=3 (full 1):
 PSYoungGen      total 159232K, used 1504K [0x0000000718c00000, 0x0000000729e00000, 0x00000007c0000000)
  eden space 157696K, 0% used [0x0000000718c00000,0x0000000718c00000,0x0000000722600000)
  from space 1536K, 97% used [0x0000000729c80000,0x0000000729df8010,0x0000000729e00000)
  to   space 20992K, 0% used [0x0000000727500000,0x0000000727500000,0x0000000728980000)
 ParOldGen       total 235520K, used 18171K [0x00000005ca400000, 0x00000005d8a00000, 0x0000000718c00000)
  object space 235520K, 7% used [0x00000005ca400000,0x00000005cb5bec70,0x00000005d8a00000)
 Metaspace       used 22009K, capacity 22950K, committed 23216K, reserved 1069056K
  class space    used 2622K, capacity 2835K, committed 2944K, reserved 1048576K
}
Event: 3.497 GC heap before
{Heap before GC invocations=4 (full 1):
 PSYoungGen      total 159232K, used 159200K [0x0000000718c00000, 0x0000000729e00000, 0x00000007c0000000)
  eden space 157696K, 100% used [0x0000000718c00000,0x0000000722600000,0x0000000722600000)
  from space 1536K, 97% used [0x0000000729c80000,0x0000000729df8010,0x0000000729e00000)
  to   space 20992K, 0% used [0x0000000727500000,0x0000000727500000,0x0000000728980000)
 ParOldGen       total 235520K, used 18171K [0x00000005ca400000, 0x00000005d8a00000, 0x0000000718c00000)
  object space 235520K, 7% used [0x00000005ca400000,0x00000005cb5bec70,0x00000005d8a00000)
 Metaspace       used 22758K, capacity 23658K, committed 23936K, reserved 1071104K
  class space    used 2626K, capacity 2839K, committed 2944K, reserved 1048576K
Event: 3.500 GC heap after
Heap after GC invocations=4 (full 1):
 PSYoungGen      total 186880K, used 1504K [0x0000000718c00000, 0x0000000729d00000, 0x00000007c0000000)
  eden space 185344K, 0% used [0x0000000718c00000,0x0000000718c00000,0x0000000724100000)
  from space 1536K, 97% used [0x0000000727500000,0x0000000727678000,0x0000000727680000)
  to   space 20992K, 0% used [0x0000000728880000,0x0000000728880000,0x0000000729d00000)
 ParOldGen       total 235520K, used 18179K [0x00000005ca400000, 0x00000005d8a00000, 0x0000000718c00000)
  object space 235520K, 7% used [0x00000005ca400000,0x00000005cb5c0c70,0x00000005d8a00000)
 Metaspace       used 22758K, capacity 23658K, committed 23936K, reserved 1071104K
  class space    used 2626K, capacity 2839K, committed 2944K, reserved 1048576K
}
Event: 4.444 GC heap before
{Heap before GC invocations=5 (full 1):
 PSYoungGen      total 186880K, used 186848K [0x0000000718c00000, 0x0000000729d00000, 0x00000007c0000000)
  eden space 185344K, 100% used [0x0000000718c00000,0x0000000724100000,0x0000000724100000)
  from space 1536K, 97% used [0x0000000727500000,0x0000000727678000,0x0000000727680000)
  to   space 20992K, 0% used [0x0000000728880000,0x0000000728880000,0x0000000729d00000)
 ParOldGen       total 235520K, used 18179K [0x00000005ca400000, 0x00000005d8a00000, 0x0000000718c00000)
  object space 235520K, 7% used [0x00000005ca400000,0x00000005cb5c0c70,0x00000005d8a00000)
 Metaspace       used 23103K, capacity 24012K, committed 24192K, reserved 1071104K
  class space    used 2629K, capacity 2844K, committed 2944K, reserved 1048576K
Event: 4.447 GC heap after
Heap after GC invocations=5 (full 1):
 PSYoungGen      total 217088K, used 2880K [0x0000000718c00000, 0x0000000728b80000, 0x00000007c0000000)
  eden space 214016K, 0% used [0x0000000718c00000,0x0000000718c00000,0x0000000725d00000)
  from space 3072K, 93% used [0x0000000728880000,0x0000000728b50010,0x0000000728b80000)
  to   space 20992K, 0% used [0x0000000726280000,0x0000000726280000,0x0000000727700000)
 ParOldGen       total 235520K, used 18187K [0x00000005ca400000, 0x00000005d8a00000, 0x0000000718c00000)
  object space 235520K, 7% used [0x00000005ca400000,0x00000005cb5c2c70,0x00000005d8a00000)
 Metaspace       used 23103K, capacity 24012K, committed 24192K, reserved 1071104K
  class space    used 2629K, capacity 2844K, committed 2944K, reserved 1048576K
}
Event: 5.349 GC heap before
{Heap before GC invocations=6 (full 1):
 PSYoungGen      total 217088K, used 216896K [0x0000000718c00000, 0x0000000728b80000, 0x00000007c0000000)
  eden space 214016K, 100% used [0x0000000718c00000,0x0000000725d00000,0x0000000725d00000)
  from space 3072K, 93% used [0x0000000728880000,0x0000000728b50010,0x0000000728b80000)
  to   space 20992K, 0% used [0x0000000726280000,0x0000000726280000,0x0000000727700000)
 ParOldGen       total 235520K, used 18187K [0x00000005ca400000, 0x00000005d8a00000, 0x0000000718c00000)
  object space 235520K, 7% used [0x00000005ca400000,0x00000005cb5c2c70,0x00000005d8a00000)
 Metaspace       used 23382K, capacity 24284K, committed 24448K, reserved 1071104K
  class space    used 2633K, capacity 2846K, committed 2944K, reserved 1048576K
Event: 5.354 GC heap after
Heap after GC invocations=6 (full 1):
 PSYoungGen      total 240640K, used 3872K [0x0000000718c00000, 0x0000000729e00000, 0x00000007c0000000)
  eden space 219648K, 0% used [0x0000000718c00000,0x0000000718c00000,0x0000000726280000)
  from space 20992K, 18% used [0x0000000726280000,0x0000000726648010,0x0000000727700000)
  to   space 17408K, 0% used [0x0000000728d00000,0x0000000728d00000,0x0000000729e00000)
 ParOldGen       total 235520K, used 18195K [0x00000005ca400000, 0x00000005d8a00000, 0x0000000718c00000)
  object space 235520K, 7% used [0x00000005ca400000,0x00000005cb5c4c70,0x00000005d8a00000)
 Metaspace       used 23382K, capacity 24284K, committed 24448K, reserved 1071104K
  class space    used 2633K, capacity 2846K, committed 2944K, reserved 1048576K
}

