# JRE version: Java(TM) SE Runtime Environment (8.0_291-b10) (build 1.8.0_291-b10)
# Java VM: Java HotSpot(TM) 64-Bit Server VM (25.291-b10 mixed mode linux-amd64 compressed oops)
Heap:
 PSYoungGen      total 150016K, used 69391K [0x0000000718c00000, 0x0000000724900000, 0x00000007c0000000)
  eden space 129024K, 52% used [0x0000000718c00000,0x000000071ce2fd48,0x0000000720a00000)
  from space 20992K, 7% used [0x0000000721e80000,0x0000000722014020,0x0000000723300000)
  to   space 20992K, 0% used [0x0000000720a00000,0x0000000720a00000,0x0000000721e80000)
 ParOldGen       total 246272K, used 16811K [0x00000005ca400000, 0x00000005d9480000, 0x0000000718c00000)
  object space 246272K, 6% used [0x00000005ca400000,0x00000005cb46ad50,0x00000005d9480000)
 Metaspace       used 22557K, capacity 23516K, committed 23680K, reserved 1071104K
  class space    used 2614K, capacity 2838K, committed 2944K, reserved 1048576K
GC Heap History (6 events):
Event: 1.398 GC heap before
{Heap before GC invocations=1 (full 0):
 PSYoungGen      total 150016K, used 105084K [0x0000000718c00000, 0x0000000723300000, 0x00000007c0000000)
  eden space 129024K, 81% used [0x0000000718c00000,0x000000071f29f128,0x0000000720a00000)
  from space 20992K, 0% used [0x0000000721e80000,0x0000000721e80000,0x0000000723300000)
  to   space 20992K, 0% used [0x0000000720a00000,0x0000000720a00000,0x0000000721e80000)
 ParOldGen       total 343040K, used 0K [0x00000005ca400000, 0x00000005df300000, 0x0000000718c00000)
  object space 343040K, 0% used [0x00000005ca400000,0x00000005ca400000,0x00000005df300000)
 Metaspace       used 20409K, capacity 21110K, committed 21248K, reserved 1067008K
  class space    used 2546K, capacity 2753K, committed 2816K, reserved 1048576K
Event: 1.412 GC heap after
Heap after GC invocations=1 (full 0):
 PSYoungGen      total 150016K, used 17216K [0x0000000718c00000, 0x0000000723300000, 0x00000007c0000000)
  eden space 129024K, 0% used [0x0000000718c00000,0x0000000718c00000,0x0000000720a00000)
  from space 20992K, 82% used [0x0000000720a00000,0x0000000721ad0120,0x0000000721e80000)
  to   space 20992K, 0% used [0x0000000721e80000,0x0000000721e80000,0x0000000723300000)
 ParOldGen       total 343040K, used 16K [0x00000005ca400000, 0x00000005df300000, 0x0000000718c00000)
  object space 343040K, 0% used [0x00000005ca400000,0x00000005ca404000,0x00000005df300000)
 Metaspace       used 20409K, capacity 21110K, committed 21248K, reserved 1067008K
  class space    used 2546K, capacity 2753K, committed 2816K, reserved 1048576K
}
Event: 1.412 GC heap before
{Heap before GC invocations=2 (full 1):
 PSYoungGen      total 150016K, used 17216K [0x0000000718c00000, 0x0000000723300000, 0x00000007c0000000)
  eden space 129024K, 0% used [0x0000000718c00000,0x0000000718c00000,0x0000000720a00000)
  from space 20992K, 82% used [0x0000000720a00000,0x0000000721ad0120,0x0000000721e80000)
  to   space 20992K, 0% used [0x0000000721e80000,0x0000000721e80000,0x0000000723300000)
 ParOldGen       total 343040K, used 16K [0x00000005ca400000, 0x00000005df300000, 0x0000000718c00000)
  object space 343040K, 0% used [0x00000005ca400000,0x00000005ca404000,0x00000005df300000)
 Metaspace       used 20409K, capacity 21110K, committed 21248K, reserved 1067008K
  class space    used 2546K, capacity 2753K, committed 2816K, reserved 1048576K
Event: 1.462 GC heap after
Heap after GC invocations=2 (full 1):
 PSYoungGen      total 150016K, used 0K [0x0000000718c00000, 0x0000000723300000, 0x00000007c0000000)
  eden space 129024K, 0% used [0x0000000718c00000,0x0000000718c00000,0x0000000720a00000)
  from space 20992K, 0% used [0x0000000720a00000,0x0000000720a00000,0x0000000721e80000)
  to   space 20992K, 0% used [0x0000000721e80000,0x0000000721e80000,0x0000000723300000)
 ParOldGen       total 246272K, used 16803K [0x00000005ca400000, 0x00000005d9480000, 0x0000000718c00000)
  object space 246272K, 6% used [0x00000005ca400000,0x00000005cb468d50,0x00000005d9480000)
 Metaspace       used 20409K, capacity 21110K, committed 21248K, reserved 1067008K
  class space    used 2546K, capacity 2753K, committed 2816K, reserved 1048576K
}
Event: 2.698 GC heap before
{Heap before GC invocations=3 (full 1):
 PSYoungGen      total 150016K, used 129024K [0x0000000718c00000, 0x0000000723300000, 0x00000007c0000000)
  eden space 129024K, 100% used [0x0000000718c00000,0x0000000720a00000,0x0000000720a00000)
  from space 20992K, 0% used [0x0000000720a00000,0x0000000720a00000,0x0000000721e80000)
  to   space 20992K, 0% used [0x0000000721e80000,0x0000000721e80000,0x0000000723300000)
 ParOldGen       total 246272K, used 16803K [0x00000005ca400000, 0x00000005d9480000, 0x0000000718c00000)
  object space 246272K, 6% used [0x00000005ca400000,0x00000005cb468d50,0x00000005d9480000)
 Metaspace       used 22101K, capacity 22992K, committed 23168K, reserved 1069056K
  class space    used 2606K, capacity 2828K, committed 2944K, reserved 1048576K
Event: 2.704 GC heap after
Heap after GC invocations=3 (full 1):
 PSYoungGen      total 150016K, used 1616K [0x0000000718c00000, 0x0000000724900000, 0x00000007c0000000)
  eden space 129024K, 0% used [0x0000000718c00000,0x0000000718c00000,0x0000000720a00000)
  from space 20992K, 7% used [0x0000000721e80000,0x0000000722014020,0x0000000723300000)
  to   space 20992K, 0% used [0x0000000720a00000,0x0000000720a00000,0x0000000721e80000)
 ParOldGen       total 246272K, used 16811K [0x00000005ca400000, 0x00000005d9480000, 0x0000000718c00000)
  object space 246272K, 6% used [0x00000005ca400000,0x00000005cb46ad50,0x00000005d9480000)
 Metaspace       used 22101K, capacity 22992K, committed 23168K, reserved 1069056K
  class space    used 2606K, capacity 2828K, committed 2944K, reserved 1048576K
}

